<?xml version="1.0" encoding="UTF-8"?>
<testng-results ignored="0" total="4" passed="4" failed="0" skipped="0">
  <reporter-output>
  </reporter-output>
  <suite started-at="2026-06-24T22:08:38 IST" name="Banking Suite" finished-at="2026-06-24T22:09:38 IST" duration-ms="59862">
    <groups>
    </groups>
    <test started-at="2026-06-24T22:08:38 IST" name="Google Test" finished-at="2026-06-24T22:09:38 IST" duration-ms="59862">
      <class name="com.nikhil.banking.tests.OrangeHRMLogoutTest">
        <test-method is-config="true" signature="setUp(java.lang.String)[pri:0, instance:com.nikhil.banking.tests.OrangeHRMLogoutTest@5e7cd6cc]" started-at="2026-06-24T22:08:54 IST" name="setUp" finished-at="2026-06-24T22:08:57 IST" duration-ms="2342" status="PASS">
          <params>
            <param index="0">
              <value>
                <![CDATA[chrome]]>
              </value>
            </param>
          </params>
          <reporter-output>
          </reporter-output>
        </test-method> <!-- setUp -->
        <test-method signature="loginTest(java.lang.String,java.lang.String)[pri:0, instance:com.nikhil.banking.tests.OrangeHRMLogoutTest@5e7cd6cc]" started-at="2026-06-24T22:08:57 IST" name="loginTest" data-provider="loginData" finished-at="2026-06-24T22:09:08 IST" duration-ms="11256" status="PASS">
          <params>
            <param index="0">
              <value>
                <![CDATA[Admin]]>
              </value>
            </param>
            <param index="1">
              <value>
                <![CDATA[admin123]]>
              </value>
            </param>
          </params>
          <reporter-output>
          </reporter-output>
        </test-method> <!-- loginTest -->
        <test-method is-config="true" signature="tearDown()[pri:0, instance:com.nikhil.banking.tests.OrangeHRMLogoutTest@5e7cd6cc]" started-at="2026-06-24T22:09:08 IST" name="tearDown" finished-at="2026-06-24T22:09:08 IST" duration-ms="228" status="PASS">
          <reporter-output>
          </reporter-output>
        </test-method> <!-- tearDown -->
      </class> <!-- com.nikhil.banking.tests.OrangeHRMLogoutTest -->
      <class name="com.nikhil.banking.tests.OrangeHRMForgotPasswordTest">
        <test-method is-config="true" signature="setUp(java.lang.String)[pri:0, instance:com.nikhil.banking.tests.OrangeHRMForgotPasswordTest@d554c5f]" started-at="2026-06-24T22:09:17 IST" name="setUp" finished-at="2026-06-24T22:09:19 IST" duration-ms="1533" status="PASS">
          <params>
            <param index="0">
              <value>
                <![CDATA[chrome]]>
              </value>
            </param>
          </params>
          <reporter-output>
          </reporter-output>
        </test-method> <!-- setUp -->
        <test-method signature="forgotPasswordTest()[pri:0, instance:com.nikhil.banking.tests.OrangeHRMForgotPasswordTest@d554c5f]" started-at="2026-06-24T22:09:19 IST" name="forgotPasswordTest" finished-at="2026-06-24T22:09:38 IST" duration-ms="18723" status="PASS">
          <reporter-output>
          </reporter-output>
        </test-method> <!-- forgotPasswordTest -->
        <test-method is-config="true" signature="tearDown()[pri:0, instance:com.nikhil.banking.tests.OrangeHRMForgotPasswordTest@d554c5f]" started-at="2026-06-24T22:09:38 IST" name="tearDown" finished-at="2026-06-24T22:09:38 IST" duration-ms="218" status="PASS">
          <reporter-output>
          </reporter-output>
        </test-method> <!-- tearDown -->
      </class> <!-- com.nikhil.banking.tests.OrangeHRMForgotPasswordTest -->
      <class name="com.nikhil.banking.tests.OrangeHRMLoginTest">
        <test-method is-config="true" signature="setUp(java.lang.String)[pri:0, instance:com.nikhil.banking.tests.OrangeHRMLoginTest@304bb45b]" started-at="2026-06-24T22:08:38 IST" name="setUp" finished-at="2026-06-24T22:08:41 IST" duration-ms="3326" status="PASS">
          <params>
            <param index="0">
              <value>
                <![CDATA[chrome]]>
              </value>
            </param>
          </params>
          <reporter-output>
          </reporter-output>
        </test-method> <!-- setUp -->
        <test-method signature="loginTest()[pri:0, instance:com.nikhil.banking.tests.OrangeHRMLoginTest@304bb45b]" started-at="2026-06-24T22:08:41 IST" name="loginTest" finished-at="2026-06-24T22:08:50 IST" duration-ms="8537" status="PASS">
          <reporter-output>
          </reporter-output>
        </test-method> <!-- loginTest -->
        <test-method is-config="true" signature="tearDown()[pri:0, instance:com.nikhil.banking.tests.OrangeHRMLoginTest@304bb45b]" started-at="2026-06-24T22:08:50 IST" name="tearDown" finished-at="2026-06-24T22:08:50 IST" duration-ms="407" status="PASS">
          <reporter-output>
          </reporter-output>
        </test-method> <!-- tearDown -->
      </class> <!-- com.nikhil.banking.tests.OrangeHRMLoginTest -->
      <class name="com.nikhil.banking.tests.OrangeHRMNegativeLoginTest">
        <test-method is-config="true" signature="setUp(java.lang.String)[pri:0, instance:com.nikhil.banking.tests.OrangeHRMNegativeLoginTest@68c9d179]" started-at="2026-06-24T22:09:08 IST" name="setUp" finished-at="2026-06-24T22:09:10 IST" duration-ms="1749" status="PASS">
          <params>
            <param index="0">
              <value>
                <![CDATA[chrome]]>
              </value>
            </param>
          </params>
          <reporter-output>
          </reporter-output>
        </test-method> <!-- setUp -->
        <test-method signature="invalidLoginTest()[pri:0, instance:com.nikhil.banking.tests.OrangeHRMNegativeLoginTest@68c9d179]" started-at="2026-06-24T22:09:10 IST" name="invalidLoginTest" finished-at="2026-06-24T22:09:17 IST" duration-ms="7446" status="PASS">
          <reporter-output>
          </reporter-output>
        </test-method> <!-- invalidLoginTest -->
        <test-method is-config="true" signature="tearDown()[pri:0, instance:com.nikhil.banking.tests.OrangeHRMNegativeLoginTest@68c9d179]" started-at="2026-06-24T22:09:17 IST" name="tearDown" finished-at="2026-06-24T22:09:17 IST" duration-ms="219" status="PASS">
          <reporter-output>
          </reporter-output>
        </test-method> <!-- tearDown -->
      </class> <!-- com.nikhil.banking.tests.OrangeHRMNegativeLoginTest -->
    </test> <!-- Google Test -->
  </suite> <!-- Banking Suite -->
</testng-results>
