<?xml version="1.0" encoding="UTF-8"?>
<testng-results ignored="0" total="4" passed="4" failed="0" skipped="0">
  <reporter-output>
  </reporter-output>
  <suite started-at="2026-06-24T22:29:29 IST" name="Banking Suite" finished-at="2026-06-24T22:30:02 IST" duration-ms="32923">
    <groups>
    </groups>
    <test started-at="2026-06-24T22:29:29 IST" name="Google Test" finished-at="2026-06-24T22:30:02 IST" duration-ms="32923">
      <class name="com.nikhil.banking.tests.OrangeHRMLogoutTest">
        <test-method is-config="true" signature="setUp(java.lang.String)[pri:0, instance:com.nikhil.banking.tests.OrangeHRMLogoutTest@5e7cd6cc]" started-at="2026-06-24T22:29:40 IST" name="setUp" finished-at="2026-06-24T22:29:42 IST" duration-ms="1402" status="PASS">
          <params>
            <param index="0">
              <value>
                <![CDATA[chrome]]>
              </value>
            </param>
          </params>
          <reporter-output>
          </reporter-output>
        </test-method> <!-- setUp -->
        <test-method signature="loginTest(java.lang.String,java.lang.String)[pri:0, instance:com.nikhil.banking.tests.OrangeHRMLogoutTest@5e7cd6cc]" started-at="2026-06-24T22:29:42 IST" name="loginTest" data-provider="loginData" finished-at="2026-06-24T22:29:49 IST" duration-ms="7683" status="PASS">
          <params>
            <param index="0">
              <value>
                <![CDATA[Admin]]>
              </value>
            </param>
            <param index="1">
              <value>
                <![CDATA[admin123]]>
              </value>
            </param>
          </params>
          <reporter-output>
          </reporter-output>
        </test-method> <!-- loginTest -->
        <test-method is-config="true" signature="tearDown()[pri:0, instance:com.nikhil.banking.tests.OrangeHRMLogoutTest@5e7cd6cc]" started-at="2026-06-24T22:29:49 IST" name="tearDown" finished-at="2026-06-24T22:29:50 IST" duration-ms="346" status="PASS">
          <reporter-output>
          </reporter-output>
        </test-method> <!-- tearDown -->
      </class> <!-- com.nikhil.banking.tests.OrangeHRMLogoutTest -->
      <class name="com.nikhil.banking.tests.OrangeHRMForgotPasswordTest">
        <test-method is-config="true" signature="setUp(java.lang.String)[pri:0, instance:com.nikhil.banking.tests.OrangeHRMForgotPasswordTest@d554c5f]" started-at="2026-06-24T22:29:57 IST" name="setUp" finished-at="2026-06-24T22:29:59 IST" duration-ms="1281" status="PASS">
          <params>
            <param index="0">
              <value>
                <![CDATA[chrome]]>
              </value>
            </param>
          </params>
          <reporter-output>
          </reporter-output>
        </test-method> <!-- setUp -->
        <test-method signature="forgotPasswordTest()[pri:0, instance:com.nikhil.banking.tests.OrangeHRMForgotPasswordTest@d554c5f]" started-at="2026-06-24T22:29:59 IST" name="forgotPasswordTest" finished-at="2026-06-24T22:30:01 IST" duration-ms="2627" status="PASS">
          <reporter-output>
          </reporter-output>
        </test-method> <!-- forgotPasswordTest -->
        <test-method is-config="true" signature="tearDown()[pri:0, instance:com.nikhil.banking.tests.OrangeHRMForgotPasswordTest@d554c5f]" started-at="2026-06-24T22:30:01 IST" name="tearDown" finished-at="2026-06-24T22:30:02 IST" duration-ms="335" status="PASS">
          <reporter-output>
          </reporter-output>
        </test-method> <!-- tearDown -->
      </class> <!-- com.nikhil.banking.tests.OrangeHRMForgotPasswordTest -->
      <class name="com.nikhil.banking.tests.OrangeHRMLoginTest">
        <test-method is-config="true" signature="setUp(java.lang.String)[pri:0, instance:com.nikhil.banking.tests.OrangeHRMLoginTest@304bb45b]" started-at="2026-06-24T22:29:29 IST" name="setUp" finished-at="2026-06-24T22:29:32 IST" duration-ms="2973" status="PASS">
          <params>
            <param index="0">
              <value>
                <![CDATA[chrome]]>
              </value>
            </param>
          </params>
          <reporter-output>
          </reporter-output>
        </test-method> <!-- setUp -->
        <test-method signature="loginTest()[pri:0, instance:com.nikhil.banking.tests.OrangeHRMLoginTest@304bb45b]" started-at="2026-06-24T22:29:32 IST" name="loginTest" finished-at="2026-06-24T22:29:37 IST" duration-ms="5525" status="PASS">
          <reporter-output>
          </reporter-output>
        </test-method> <!-- loginTest -->
        <test-method is-config="true" signature="tearDown()[pri:0, instance:com.nikhil.banking.tests.OrangeHRMLoginTest@304bb45b]" started-at="2026-06-24T22:29:37 IST" name="tearDown" finished-at="2026-06-24T22:29:37 IST" duration-ms="288" status="PASS">
          <reporter-output>
          </reporter-output>
        </test-method> <!-- tearDown -->
      </class> <!-- com.nikhil.banking.tests.OrangeHRMLoginTest -->
      <class name="com.nikhil.banking.tests.OrangeHRMNegativeLoginTest">
        <test-method is-config="true" signature="setUp(java.lang.String)[pri:0, instance:com.nikhil.banking.tests.OrangeHRMNegativeLoginTest@68c9d179]" started-at="2026-06-24T22:29:50 IST" name="setUp" finished-at="2026-06-24T22:29:51 IST" duration-ms="1452" status="PASS">
          <params>
            <param index="0">
              <value>
                <![CDATA[chrome]]>
              </value>
            </param>
          </params>
          <reporter-output>
          </reporter-output>
        </test-method> <!-- setUp -->
        <test-method signature="invalidLoginTest()[pri:0, instance:com.nikhil.banking.tests.OrangeHRMNegativeLoginTest@68c9d179]" started-at="2026-06-24T22:29:51 IST" name="invalidLoginTest" finished-at="2026-06-24T22:29:57 IST" duration-ms="6074" status="PASS">
          <reporter-output>
          </reporter-output>
        </test-method> <!-- invalidLoginTest -->
        <test-method is-config="true" signature="tearDown()[pri:0, instance:com.nikhil.banking.tests.OrangeHRMNegativeLoginTest@68c9d179]" started-at="2026-06-24T22:29:57 IST" name="tearDown" finished-at="2026-06-24T22:29:57 IST" duration-ms="177" status="PASS">
          <reporter-output>
          </reporter-output>
        </test-method> <!-- tearDown -->
      </class> <!-- com.nikhil.banking.tests.OrangeHRMNegativeLoginTest -->
    </test> <!-- Google Test -->
  </suite> <!-- Banking Suite -->
</testng-results>
