<?xml version="1.0" encoding="UTF-8"?>
<!-- Generated by org.testng.reporters.JUnitXMLReporter -->
<testsuite ignored="0" hostname="DESKTOP-LHBF7UL" failures="0" tests="4" name="Google Test" time="47.112" errors="0" timestamp="2026-06-24T22:02:08 IST">
  <testcase classname="com.nikhil.banking.tests.OrangeHRMLoginTest" name="loginTest" time="5.876"/>
  <testcase classname="com.nikhil.banking.tests.OrangeHRMLogoutTest" name="loginTest" time="7.38"/>
  <testcase classname="com.nikhil.banking.tests.OrangeHRMNegativeLoginTest" name="invalidLoginTest" time="5.711"/>
  <testcase classname="com.nikhil.banking.tests.OrangeHRMForgotPasswordTest" name="forgotPasswordTest" time="3.217"/>
</testsuite> <!-- Google Test -->
