<?xml version="1.0" encoding="UTF-8"?>
<!-- Generated by org.testng.reporters.JUnitXMLReporter -->
<testsuite ignored="0" hostname="DESKTOP-LHBF7UL" failures="0" tests="4" name="Google Test" time="59.862" errors="0" timestamp="2026-06-24T22:09:39 IST">
  <testcase classname="com.nikhil.banking.tests.OrangeHRMLoginTest" name="loginTest" time="8.537"/>
  <testcase classname="com.nikhil.banking.tests.OrangeHRMLogoutTest" name="loginTest" time="11.256"/>
  <testcase classname="com.nikhil.banking.tests.OrangeHRMNegativeLoginTest" name="invalidLoginTest" time="7.446"/>
  <testcase classname="com.nikhil.banking.tests.OrangeHRMForgotPasswordTest" name="forgotPasswordTest" time="18.723"/>
</testsuite> <!-- Google Test -->
